NTU_cv_cls_wiCY_woG_wiRW_wiCC_woF_wiBI_wiCL_T36_f1.7e+00_d1.0e-05_mse1_bi1_th5.0e-01_te1.0e-02_cls2_woD
START Timstamp: 2024/04/17 12:31
Loading Pretrained Model: /data/dluo/work_dir/2312_CVAC_NTU-Inter/NTU_cv_D_wiCY_woG_wiRW_wiCC_wiF_wiBI_wiCL_T36_f1.7e+00_d1.0e-05_mse1_bi1_th5.0e-01_te1.0e-02_woD/20240417_002244/20.pth...
Traceback (most recent call last):
  File "/home/dluo/ws/202312_SBAC_Inter/CVAC_CL/main.py", line 62, in <module>
    main(args)
  File "/home/dluo/ws/202312_SBAC_Inter/CVAC_CL/main.py", line 50, in main
    train_cls(args, writers, trainloader, testloader)
  File "/home/dluo/ws/202312_SBAC_Inter/CVAC_CL/train.py", line 274, in train_cls
    out_label, R, B = net(Y,T) # y: (batch_size, num_clips) x T x ((num_joints x dim_joints) x num_subj)
  File "/home/dluo/anaconda3/envs/2402_pt191/lib/python3.9/site-packages/torch/nn/modules/module.py", line 1051, in _call_impl
    return forward_call(*input, **kwargs)
  File "/home/dluo/ws/202312_SBAC_Inter/CVAC_CL/models/networks.py", line 193, in forward
    if self.proj:
  File "/home/dluo/anaconda3/envs/2402_pt191/lib/python3.9/site-packages/torch/nn/modules/module.py", line 1130, in __getattr__
    raise AttributeError("'{}' object has no attribute '{}'".format(
AttributeError: 'DYAN_B' object has no attribute 'proj'
NTU_cv_cls_wiCY_woG_wiRW_wiCC_woF_wiBI_wiCL_T36_f1.7e+00_d1.0e-05_mse1_bi1_th5.0e-01_te1.0e-02_cls2_woD
START Timstamp: 2024/04/17 12:36
Loading Pretrained Model: /data/dluo/work_dir/2312_CVAC_NTU-Inter/NTU_cv_D_wiCY_woG_wiRW_wiCC_wiF_wiBI_wiCL_T36_f1.7e+00_d1.0e-05_mse1_bi1_th5.0e-01_te1.0e-02_woD/20240417_002244/20.pth...
Train(1|ite1): |loss|8.523520469665527|l_cls|4.186662673950195|l_bi|0.03458850830793381|l_mse|0.1156059205532074|acc|25.0%
Train(1|ite87): |loss|4.231225967407227|l_cls|1.9902434349060059|l_bi|0.19054192304611206|l_mse|0.060197554528713226|acc|37.5%
Train(1|ite173): |loss|2.476353645324707|l_cls|1.0891958475112915|l_bi|0.25381261110305786|l_mse|0.044149503111839294|acc|75.0%
Train(1|ite259): |loss|3.711956262588501|l_cls|1.773879885673523|l_bi|0.16261257231235504|l_mse|0.0015837568789720535|acc|37.5%
Train(1|ite345): |loss|2.9377498626708984|l_cls|1.3739875555038452|l_bi|0.1862419694662094|l_mse|0.0035329642705619335|acc|62.5%
Train(1|ite431): |loss|2.8208770751953125|l_cls|1.3295074701309204|l_bi|0.1606501042842865|l_mse|0.00121222878806293|acc|62.5%
Train(1|ite517): |loss|2.996342420578003|l_cls|1.4203338623046875|l_bi|0.15518347918987274|l_mse|0.0004910839488729835|acc|37.5%
Train(1|ite603): |loss|2.5574049949645996|l_cls|1.2187563180923462|l_bi|0.11935325711965561|l_mse|0.0005390479927882552|acc|50.0%
Train(1|ite689): |loss|0.700312614440918|l_cls|0.25370609760284424|l_bi|0.18593451380729675|l_mse|0.00696594500914216|acc|87.5%
Train(1|ite775): |loss|2.1193525791168213|l_cls|0.9987782835960388|l_bi|0.11679140478372574|l_mse|0.005004625767469406|acc|62.5%
Train(1|ite861): |loss|0.5436720848083496|l_cls|0.19133472442626953|l_bi|0.15954294800758362|l_mse|0.0014596562832593918|acc|87.5%
Train(1)|acc|60.23781902552204%|loss|2.5412973413058055|l_cls|1.1763057746338872|l_bi|0.1687773810332239|l_mse|0.019908410327468123
Train(2|ite1): |loss|0.5427842736244202|l_cls|0.19157245755195618|l_bi|0.15863095223903656|l_mse|0.0010084285167977214|acc|100.0%
Train(2|ite87): |loss|2.9227492809295654|l_cls|1.406105637550354|l_bi|0.10918736457824707|l_mse|0.0013507453259080648|acc|50.0%
Train(2|ite173): |loss|2.3584909439086914|l_cls|1.0903888940811157|l_bi|0.17245496809482574|l_mse|0.005258169490844011|acc|50.0%
Train(2|ite259): |loss|1.8706614971160889|l_cls|0.9140425324440002|l_bi|0.042335402220487595|l_mse|0.0002410180604783818|acc|62.5%
Train(2|ite345): |loss|1.9220762252807617|l_cls|0.9402278065681458|l_bi|0.04141485318541527|l_mse|0.000205724747502245|acc|75.0%
Train(2|ite431): |loss|1.2828987836837769|l_cls|0.5709684491157532|l_bi|0.13830383121967316|l_mse|0.0026580600533634424|acc|87.5%
Train(2|ite517): |loss|1.0839579105377197|l_cls|0.4858410656452179|l_bi|0.10737913846969604|l_mse|0.004896680824458599|acc|87.5%
Train(2|ite603): |loss|1.4066665172576904|l_cls|0.6534187197685242|l_bi|0.09525853395462036|l_mse|0.004570601042360067|acc|75.0%
Train(2|ite689): |loss|2.223681688308716|l_cls|1.0761911869049072|l_bi|0.07009342312812805|l_mse|0.001205922570079565|acc|62.5%
Train(2|ite775): |loss|1.165736436843872|l_cls|0.5643509030342102|l_bi|0.03649508208036423|l_mse|0.0005395424086600542|acc|87.5%
Train(2|ite861): |loss|0.6856942772865295|l_cls|0.3022446632385254|l_bi|0.0787220448255539|l_mse|0.0024829113390296698|acc|100.0%
Train(2)|acc|65.45823665893272%|loss|2.070431655873555|l_cls|0.9874738879985848|l_bi|0.09230420325737956|l_mse|0.003179678019129978
Train(3|ite1): |loss|1.6808404922485352|l_cls|0.8074238300323486|l_bi|0.0641167163848877|l_mse|0.0018760858802124858|acc|75.0%
Train(3|ite87): |loss|1.7441036701202393|l_cls|0.8456547260284424|l_bi|0.05138535052537918|l_mse|0.0014087936142459512|acc|62.5%
Train(3|ite173): |loss|2.691936731338501|l_cls|1.318973183631897|l_bi|0.05314647778868675|l_mse|0.0008440266246907413|acc|37.5%
Train(3|ite259): |loss|2.2181456089019775|l_cls|1.0812735557556152|l_bi|0.054557450115680695|l_mse|0.0010409621754661202|acc|50.0%
Train(3|ite345): |loss|1.1093858480453491|l_cls|0.523036003112793|l_bi|0.06183281168341637|l_mse|0.0014810279244557023|acc|75.0%
Train(3|ite431): |loss|1.9372133016586304|l_cls|0.9523981809616089|l_bi|0.03184238821268082|l_mse|0.0005745571106672287|acc|37.5%
Train(3|ite517): |loss|5.300932884216309|l_cls|2.611057758331299|l_bi|0.07715786248445511|l_mse|0.001659517060033977|acc|50.0%
Train(3|ite603): |loss|1.7364975214004517|l_cls|0.775208055973053|l_bi|0.1778995841741562|l_mse|0.00818183459341526|acc|75.0%
Train(3|ite689): |loss|2.4511382579803467|l_cls|1.1606086492538452|l_bi|0.1271715760231018|l_mse|0.0027495399117469788|acc|50.0%
Train(3|ite775): |loss|1.6965357065200806|l_cls|0.8242235779762268|l_bi|0.04698809236288071|l_mse|0.0011003694962710142|acc|62.5%
Train(3|ite861): |loss|1.0814273357391357|l_cls|0.4590145945549011|l_bi|0.16116899251937866|l_mse|0.002229071222245693|acc|75.0%
Train(3)|acc|72.31728538283063%|loss|1.6779871798031845|l_cls|0.7889414670987361|l_bi|0.09438305244977714|l_mse|0.0057211916874070476
Train(4|ite1): |loss|0.8457056879997253|l_cls|0.33020901679992676|l_bi|0.1720149964094162|l_mse|0.01327263843268156|acc|87.5%
Train(4|ite87): |loss|0.5450966358184814|l_cls|0.18933814764022827|l_bi|0.16037343442440033|l_mse|0.0060469117015600204|acc|87.5%
Train(4|ite173): |loss|2.4352145195007324|l_cls|1.1377313137054443|l_bi|0.15644460916519165|l_mse|0.003307292703539133|acc|62.5%
Train(4|ite259): |loss|1.0798393487930298|l_cls|0.4485521912574768|l_bi|0.17943140864372253|l_mse|0.003303523873910308|acc|75.0%
Train(4|ite345): |loss|1.1090023517608643|l_cls|0.48478105664253235|l_bi|0.13642960786819458|l_mse|0.003010632935911417|acc|87.5%
Train(4|ite431): |loss|0.48725467920303345|l_cls|0.14609193801879883|l_bi|0.18580304086208344|l_mse|0.00926776509732008|acc|87.5%
Train(4|ite517): |loss|1.3486274480819702|l_cls|0.5934744477272034|l_bi|0.1584893763065338|l_mse|0.003189224749803543|acc|87.5%
Train(4|ite603): |loss|1.2702745199203491|l_cls|0.5490309596061707|l_bi|0.1665380299091339|l_mse|0.005674594547599554|acc|75.0%
Train(4|ite689): |loss|1.5829086303710938|l_cls|0.7078014612197876|l_bi|0.1639285683631897|l_mse|0.0033772008027881384|acc|75.0%
Train(4|ite775): |loss|0.782131552696228|l_cls|0.29581964015960693|l_bi|0.1789339929819107|l_mse|0.011558283120393753|acc|87.5%
Train(4|ite861): |loss|1.5445804595947266|l_cls|0.6830742359161377|l_bi|0.175164595246315|l_mse|0.0032673978712409735|acc|62.5%
Train(4)|acc|82.93213457076565%|loss|1.1257043499024175|l_cls|0.4793280039756211|l_bi|0.161737556912852|l_mse|0.005310785341516284
Train(5|ite1): |loss|1.1279746294021606|l_cls|0.4854694604873657|l_bi|0.15077173709869385|l_mse|0.006263949442654848|acc|87.5%
Train(5|ite87): |loss|1.5684751272201538|l_cls|0.6934082508087158|l_bi|0.176468163728714|l_mse|0.005190462339669466|acc|75.0%
Train(5|ite173): |loss|1.0524930953979492|l_cls|0.44732388854026794|l_bi|0.15510869026184082|l_mse|0.00273660640232265|acc|75.0%
Train(5|ite259): |loss|1.3807123899459839|l_cls|0.6084226965904236|l_bi|0.160884827375412|l_mse|0.0029821901116520166|acc|87.5%
Train(5|ite345): |loss|0.31141141057014465|l_cls|0.0670156329870224|l_bi|0.17057867348194122|l_mse|0.006801471579819918|acc|100.0%
Train(5|ite431): |loss|0.684420645236969|l_cls|0.2646673321723938|l_bi|0.1514081209897995|l_mse|0.003677830332890153|acc|87.5%
Train(5|ite517): |loss|1.5690397024154663|l_cls|0.7106550335884094|l_bi|0.14087964594364166|l_mse|0.006849996279925108|acc|75.0%
Train(5|ite603): |loss|0.6192606687545776|l_cls|0.22888588905334473|l_bi|0.15860195457935333|l_mse|0.0028869537636637688|acc|100.0%
Train(5|ite689): |loss|1.068778157234192|l_cls|0.45991581678390503|l_bi|0.1456099897623062|l_mse|0.0033365010749548674|acc|87.5%
Train(5|ite775): |loss|0.30725401639938354|l_cls|0.06748319417238235|l_bi|0.16799041628837585|l_mse|0.004297204315662384|acc|100.0%
Train(5|ite861): |loss|0.5557993054389954|l_cls|0.1908823549747467|l_bi|0.16898447275161743|l_mse|0.005050110165029764|acc|100.0%
Train(5)|acc|85.3393271461717%|loss|1.004556261608053|l_cls|0.4180893215865087|l_bi|0.16335739735124974|l_mse|0.00502021882624696
Traceback (most recent call last):
  File "/home/dluo/ws/202312_SBAC_Inter/CVAC_CL/main.py", line 62, in <module>
    main(args)
  File "/home/dluo/ws/202312_SBAC_Inter/CVAC_CL/main.py", line 50, in main
    train_cls(args, writers, trainloader, testloader)
  File "/home/dluo/ws/202312_SBAC_Inter/CVAC_CL/train.py", line 306, in train_cls
    loss, loss_mse, loss_cls, loss_bi, acc = test_cls(args, testloader, net)
  File "/home/dluo/ws/202312_SBAC_Inter/CVAC_CL/train.py", line 339, in test_cls
    out_label, R, B, _, _ = net(Y,T)
ValueError: not enough values to unpack (expected 5, got 3)
